<?xml version="1.0" encoding="UTF-8"?>
<!-- Generated by org.testng.reporters.JUnitReportReporter -->
<testsuite skipped="0" hostname="ip-172-31-40-10.us-east-2.compute.internal" name="TestNG.tc1" tests="1" failures="0" timestamp="03 Jan 2021 14:38:15 GMT" time="5.398" errors="0">
  <testcase name="verfiy" time="5.398" classname="TestNG.tc1"/>
</testsuite> <!-- TestNG.tc1 -->
